<?xml version="1.0" encoding="UTF-8"?>
<!-- Generated by org.testng.reporters.JUnitXMLReporter -->
<testsuite hostname="ACP-PC" name="Default test" tests="5" failures="0" timestamp="16 Aug 2020 23:58:31 GMT" time="5.549" errors="0">
  <testcase name="getResponse" time="3.032" classname="com.MockAPI.QA.WireMockCarProject"/>
  <testcase name="CountBlueCars" time="1.349" classname="com.MockAPI.QA.WireMockCarProject"/>
  <testcase name="qALowestRentalCost" time="0.313" classname="com.MockAPI.QA.WireMockCarProject"/>
  <testcase name="qBLowestRentalCost" time="0.32" classname="com.MockAPI.QA.WireMockCarProject"/>
  <testcase name="highRevenueCar" time="0.463" classname="com.MockAPI.QA.WireMockCarProject"/>
</testsuite> <!-- Default test -->
